0 info it worked if it ends with ok
1 verbose cli [ '/usr/bin/node', '/usr/bin/npm', 'install', 'wind-js-leaflet' ]
2 info using npm@3.5.2
3 info using node@v8.10.0
4 silly loadCurrentTree Starting
5 silly install loadCurrentTree
6 silly install readLocalPackageData
7 silly fetchPackageMetaData wind-js-leaflet
8 silly fetchNamedPackageData wind-js-leaflet
9 silly mapToRegistry name wind-js-leaflet
10 silly mapToRegistry using default registry
11 silly mapToRegistry registry https://registry.npmjs.org/
12 silly mapToRegistry uri https://registry.npmjs.org/wind-js-leaflet
13 verbose request uri https://registry.npmjs.org/wind-js-leaflet
14 verbose request no auth needed
15 info attempt registry request try #1 at 3:31:21 PM
16 verbose request id 2168d985025cd1df
17 http request GET https://registry.npmjs.org/wind-js-leaflet
18 http 200 https://registry.npmjs.org/wind-js-leaflet
19 verbose headers { date: 'Thu, 19 Dec 2019 08:31:22 GMT',
19 verbose headers   'content-type': 'application/json; charset=UTF-8',
19 verbose headers   'transfer-encoding': 'chunked',
19 verbose headers   connection: 'keep-alive',
19 verbose headers   'set-cookie':
19 verbose headers    [ '__cfduid=dab7cd1bf8e2098704077de1e25f4b76d1576744281; expires=Sat, 18-Jan-20 08:31:21 GMT; path=/; domain=.npmjs.org; HttpOnly; SameSite=Lax' ],
19 verbose headers   'cf-ray': '547805126c8684f4-HKG',
19 verbose headers   'cache-control': 'public, max-age=300',
19 verbose headers   etag: 'W/"766fbd55c65aea08db63f9047b08bf64"',
19 verbose headers   'last-modified': 'Sun, 27 May 2018 22:00:05 GMT',
19 verbose headers   vary: 'accept-encoding, accept',
19 verbose headers   'cf-cache-status': 'EXPIRED',
19 verbose headers   'expect-ct': 'max-age=604800, report-uri="https://report-uri.cloudflare.com/cdn-cgi/beacon/expect-ct"',
19 verbose headers   server: 'cloudflare',
19 verbose headers   'content-encoding': 'gzip' }
20 silly get cb [ 200,
20 silly get   { date: 'Thu, 19 Dec 2019 08:31:22 GMT',
20 silly get     'content-type': 'application/json; charset=UTF-8',
20 silly get     'transfer-encoding': 'chunked',
20 silly get     connection: 'keep-alive',
20 silly get     'set-cookie':
20 silly get      [ '__cfduid=dab7cd1bf8e2098704077de1e25f4b76d1576744281; expires=Sat, 18-Jan-20 08:31:21 GMT; path=/; domain=.npmjs.org; HttpOnly; SameSite=Lax' ],
20 silly get     'cf-ray': '547805126c8684f4-HKG',
20 silly get     'cache-control': 'public, max-age=300',
20 silly get     etag: 'W/"766fbd55c65aea08db63f9047b08bf64"',
20 silly get     'last-modified': 'Sun, 27 May 2018 22:00:05 GMT',
20 silly get     vary: 'accept-encoding, accept',
20 silly get     'cf-cache-status': 'EXPIRED',
20 silly get     'expect-ct': 'max-age=604800, report-uri="https://report-uri.cloudflare.com/cdn-cgi/beacon/expect-ct"',
20 silly get     server: 'cloudflare',
20 silly get     'content-encoding': 'gzip' } ]
21 verbose get saving wind-js-leaflet to /home/trinhnk/.npm/registry.npmjs.org/wind-js-leaflet/.cache.json
22 silly install normalizeTree
23 silly loadCurrentTree Finishing
24 silly loadIdealTree Starting
25 silly install loadIdealTree
26 silly cloneCurrentTree Starting
27 silly install cloneCurrentTreeToIdealTree
28 silly cloneCurrentTree Finishing
29 silly loadShrinkwrap Starting
30 silly install loadShrinkwrap
31 silly loadShrinkwrap Finishing
32 silly loadAllDepsIntoIdealTree Starting
33 silly install loadAllDepsIntoIdealTree
34 silly rollbackFailedOptional Starting
35 silly rollbackFailedOptional Finishing
36 silly runTopLevelLifecycles Starting
37 silly runTopLevelLifecycles Finishing
38 silly install printInstalled
39 verbose stack Error: Refusing to install wind-js-leaflet as a dependency of itself
39 verbose stack     at checkSelf (/usr/share/npm/lib/install/validate-args.js:40:14)
39 verbose stack     at Array.<anonymous> (/usr/share/npm/node_modules/slide/lib/bind-actor.js:15:8)
39 verbose stack     at LOOP (/usr/share/npm/node_modules/slide/lib/chain.js:15:14)
39 verbose stack     at chain (/usr/share/npm/node_modules/slide/lib/chain.js:20:5)
39 verbose stack     at /usr/share/npm/lib/install/validate-args.js:15:5
39 verbose stack     at /usr/share/npm/node_modules/slide/lib/async-map.js:52:35
39 verbose stack     at Array.forEach (<anonymous>)
39 verbose stack     at /usr/share/npm/node_modules/slide/lib/async-map.js:52:11
39 verbose stack     at Array.forEach (<anonymous>)
39 verbose stack     at asyncMap (/usr/share/npm/node_modules/slide/lib/async-map.js:51:8)
40 verbose cwd /var/www/html/wind-js-leaflet
41 error Linux 4.15.0-72-generic
42 error argv "/usr/bin/node" "/usr/bin/npm" "install" "wind-js-leaflet"
43 error node v8.10.0
44 error npm  v3.5.2
45 error code ENOSELF
46 error Refusing to install wind-js-leaflet as a dependency of itself
47 error If you need help, you may report this error at:
47 error     <https://github.com/npm/npm/issues>
48 verbose exit [ 1, true ]
